<?xml version="1.0" encoding="UTF-8"?>
<!-- Generated by org.testng.reporters.JUnitXMLReporter -->
<testsuite hostname="DESKTOP-4CN1S37" name="Test" tests="1" failures="1" timestamp="25 Jun 2019 06:32:21 GMT" time="31.979" errors="0">
  <testcase name="@AfterClass writeExtentReport" time="0.0" classname="php.runner.PhpRunner$phprunner">
    <failure type="java.lang.Error" message="Unresolved compilation problem: 
	The method writeExtentReport cannot be declared static; static methods can only be declared in a static or top level type
">
      <![CDATA[java.lang.Error: Unresolved compilation problem: 
	The method writeExtentReport cannot be declared static; static methods can only be declared in a static or top level type

	at php.runner.PhpRunner$phprunner.writeExtentReport(PhpRunner.java:21)
... Removed 24 stack frames]]>
    </failure>
  </testcase> <!-- @AfterClass writeExtentReport -->
  <testcase name="@AfterClass tearDownClass" time="0.0" classname="php.runner.PhpRunner$phprunner">
    <skipped/>
  </testcase> <!-- @AfterClass tearDownClass -->
  <testcase name="feature" time="31.794" classname="php.runner.PhpRunner$phprunner">
    <failure type="cucumber.runtime.CucumberException" message="junit.framework.AssertionFailedError: expected:&amp;lt;My Account&amp;gt; but was:&amp;lt;true&amp;gt;">
      <![CDATA[cucumber.runtime.CucumberException: junit.framework.AssertionFailedError: expected:<My Account> but was:<true>
	at cucumber.api.testng.TestNGCucumberRunner.runCucumber(TestNGCucumberRunner.java:69)
	at cucumber.api.testng.AbstractTestNGCucumberTests.feature(AbstractTestNGCucumberTests.java:21)
Caused by: junit.framework.AssertionFailedError: expected:<My Account> but was:<true>
	at junit.framework.Assert.fail(Assert.java:50)
	at junit.framework.Assert.failNotEquals(Assert.java:287)
	at junit.framework.Assert.assertEquals(Assert.java:67)
	at junit.framework.Assert.assertEquals(Assert.java:74)
	at php.stepdef.PhpLoginStepDef.i_should_be_able_to_login(PhpLoginStepDef.java:33)
	at âœ½.Then I should be able to login(LoginTest.feature:7)
... Removed 24 stack frames]]>
    </failure>
  </testcase> <!-- feature -->
</testsuite> <!-- Test -->
